This is pdfTeX, Version 3.141592653-2.6-1.40.24 (TeX Live 2022) (preloaded format=pdflatex 2022.6.4)  5 JUN 2022 16:45
entering extended mode
 restricted \write18 enabled.
 %&-line parsing enabled.
**R-Markdown-Assignment.tex
(./R-Markdown-Assignment.tex
LaTeX2e <2021-11-15> patch level 1
L3 programming layer <2022-06-02> (c:/Users/chiara/AppData/Roaming/TinyTeX/texmf-dist/tex/latex/base/article.cls
Document Class: article 2021/10/04 v1.4n Standard LaTeX document class
(c:/Users/chiara/AppData/Roaming/TinyTeX/texmf-dist/tex/latex/base/size11.clo
File: size11.clo 2021/10/04 v1.4n Standard LaTeX file (size option)
)
\c@part=\count185
\c@section=\count186
\c@subsection=\count187
\c@subsubsection=\count188
\c@paragraph=\count189
\c@subparagraph=\count190
\c@figure=\count191
\c@table=\count192
\abovecaptionskip=\skip47
\belowcaptionskip=\skip48
\bibindent=\dimen138
) (c:/Users/chiara/AppData/Roaming/TinyTeX/texmf-dist/tex/latex/amsmath/amsmath.sty
Package: amsmath 2021/10/15 v2.17l AMS math features
\@mathmargin=\skip49
For additional information on amsmath, use the `?' option.
(c:/Users/chiara/AppData/Roaming/TinyTeX/texmf-dist/tex/latex/amsmath/amstext.sty
Package: amstext 2021/08/26 v2.01 AMS text
(c:/Users/chiara/AppData/Roaming/TinyTeX/texmf-dist/tex/latex/amsmath/amsgen.sty
File: amsgen.sty 1999/11/30 v2.0 generic functions
\@emptytoks=\toks16
\ex@=\dimen139
)) (c:/Users/chiara/AppData/Roaming/TinyTeX/texmf-dist/tex/latex/amsmath/amsbsy.sty
Package: amsbsy 1999/11/29 v1.2d Bold Symbols
\pmbraise@=\dimen140
) (c:/Users/chiara/AppData/Roaming/TinyTeX/texmf-dist/tex/latex/amsmath/amsopn.sty
Package: amsopn 2021/08/26 v2.02 operator names
)
\inf@bad=\count193
LaTeX Info: Redefining \frac on input line 234.
\uproot@=\count194
\leftroot@=\count195
LaTeX Info: Redefining \overline on input line 399.
\classnum@=\count196
\DOTSCASE@=\count197
LaTeX Info: Redefining \ldots on input line 496.
LaTeX Info: Redefining \dots on input line 499.
LaTeX Info: Redefining \cdots on input line 620.
\Mathstrutbox@=\box50
\strutbox@=\box51
\big@size=\dimen141
LaTeX Font Info:    Redeclaring font encoding OML on input line 743.
LaTeX Font Info:    Redeclaring font encoding OMS on input line 744.
\macc@depth=\count198
\c@MaxMatrixCols=\count199
\dotsspace@=\muskip16
\c@parentequation=\count266
\dspbrk@lvl=\count267
\tag@help=\toks17
\row@=\count268
\column@=\count269
\maxfields@=\count270
\andhelp@=\toks18
\eqnshift@=\dimen142
\alignsep@=\dimen143
\tagshift@=\dimen144
\tagwidth@=\dimen145
\totwidth@=\dimen146
\lineht@=\dimen147
\@envbody=\toks19
\multlinegap=\skip50
\multlinetaggap=\skip51
\mathdisplay@stack=\toks20
LaTeX Info: Redefining \[ on input line 2938.
LaTeX Info: Redefining \] on input line 2939.
) (c:/Users/chiara/AppData/Roaming/TinyTeX/texmf-dist/tex/latex/amsfonts/amssymb.sty
Package: amssymb 2013/01/14 v3.01 AMS font symbols
(c:/Users/chiara/AppData/Roaming/TinyTeX/texmf-dist/tex/latex/amsfonts/amsfonts.sty
Package: amsfonts 2013/01/14 v3.01 Basic AMSFonts support
\symAMSa=\mathgroup4
\symAMSb=\mathgroup5
LaTeX Font Info:    Redeclaring math symbol \hbar on input line 98.
LaTeX Font Info:    Overwriting math alphabet `\mathfrak' in version `bold'
(Font)                  U/euf/m/n --> U/euf/b/n on input line 106.
)) (c:/Users/chiara/AppData/Roaming/TinyTeX/texmf-dist/tex/latex/lm/lmodern.sty
Package: lmodern 2015/05/01 v1.6.1 Latin Modern Fonts
LaTeX Font Info:    Overwriting symbol font `operators' in version `normal'
(Font)                  OT1/cmr/m/n --> OT1/lmr/m/n on input line 22.
LaTeX Font Info:    Overwriting symbol font `letters' in version `normal'
(Font)                  OML/cmm/m/it --> OML/lmm/m/it on input line 23.
LaTeX Font Info:    Overwriting symbol font `symbols' in version `normal'
(Font)                  OMS/cmsy/m/n --> OMS/lmsy/m/n on input line 24.
LaTeX Font Info:    Overwriting symbol font `largesymbols' in version `normal'
(Font)                  OMX/cmex/m/n --> OMX/lmex/m/n on input line 25.
LaTeX Font Info:    Overwriting symbol font `operators' in version `bold'
(Font)                  OT1/cmr/bx/n --> OT1/lmr/bx/n on input line 26.
LaTeX Font Info:    Overwriting symbol font `letters' in version `bold'
(Font)                  OML/cmm/b/it --> OML/lmm/b/it on input line 27.
LaTeX Font Info:    Overwriting symbol font `symbols' in version `bold'
(Font)                  OMS/cmsy/b/n --> OMS/lmsy/b/n on input line 28.
LaTeX Font Info:    Overwriting symbol font `largesymbols' in version `bold'
(Font)                  OMX/cmex/m/n --> OMX/lmex/m/n on input line 29.
LaTeX Font Info:    Overwriting math alphabet `\mathbf' in version `normal'
(Font)                  OT1/cmr/bx/n --> OT1/lmr/bx/n on input line 31.
LaTeX Font Info:    Overwriting math alphabet `\mathsf' in version `normal'
(Font)                  OT1/cmss/m/n --> OT1/lmss/m/n on input line 32.
LaTeX Font Info:    Overwriting math alphabet `\mathit' in version `normal'
(Font)                  OT1/cmr/m/it --> OT1/lmr/m/it on input line 33.
LaTeX Font Info:    Overwriting math alphabet `\mathtt' in version `normal'
(Font)                  OT1/cmtt/m/n --> OT1/lmtt/m/n on input line 34.
LaTeX Font Info:    Overwriting math alphabet `\mathbf' in version `bold'
(Font)                  OT1/cmr/bx/n --> OT1/lmr/bx/n on input line 35.
LaTeX Font Info:    Overwriting math alphabet `\mathsf' in version `bold'
(Font)                  OT1/cmss/bx/n --> OT1/lmss/bx/n on input line 36.
LaTeX Font Info:    Overwriting math alphabet `\mathit' in version `bold'
(Font)                  OT1/cmr/bx/it --> OT1/lmr/bx/it on input line 37.
LaTeX Font Info:    Overwriting math alphabet `\mathtt' in version `bold'
(Font)                  OT1/cmtt/m/n --> OT1/lmtt/m/n on input line 38.
) (c:/Users/chiara/AppData/Roaming/TinyTeX/texmf-dist/tex/generic/iftex/iftex.sty
Package: iftex 2022/02/03 v1.0f TeX engine tests
) (c:/Users/chiara/AppData/Roaming/TinyTeX/texmf-dist/tex/latex/base/fontenc.sty
Package: fontenc 2021/04/29 v2.0v Standard LaTeX package
LaTeX Font Info:    Trying to load font information for T1+lmr on input line 112.
(c:/Users/chiara/AppData/Roaming/TinyTeX/texmf-dist/tex/latex/lm/t1lmr.fd
File: t1lmr.fd 2015/05/01 v1.6.1 Font defs for Latin Modern
)) (c:/Users/chiara/AppData/Roaming/TinyTeX/texmf-dist/tex/latex/base/inputenc.sty
Package: inputenc 2021/02/14 v1.3d Input encoding file
\inpenc@prehook=\toks21
\inpenc@posthook=\toks22
) (c:/Users/chiara/AppData/Roaming/TinyTeX/texmf-dist/tex/latex/base/textcomp.sty
Package: textcomp 2020/02/02 v2.0n Standard LaTeX package
) (c:/Users/chiara/AppData/Roaming/TinyTeX/texmf-dist/tex/latex/xcolor/xcolor.sty
Package: xcolor 2021/10/31 v2.13 LaTeX color extensions (UK)
(c:/Users/chiara/AppData/Roaming/TinyTeX/texmf-dist/tex/latex/graphics-cfg/color.cfg
File: color.cfg 2016/01/02 v1.6 sample color configuration
)
Package xcolor Info: Driver file: pdftex.def on input line 227.
(c:/Users/chiara/AppData/Roaming/TinyTeX/texmf-dist/tex/latex/graphics-def/pdftex.def
File: pdftex.def 2020/10/05 v1.2a Graphics/color driver for pdftex
)
Package xcolor Info: Model `cmy' substituted by `cmy0' on input line 1352.
Package xcolor Info: Model `hsb' substituted by `rgb' on input line 1356.
Package xcolor Info: Model `RGB' extended on input line 1368.
Package xcolor Info: Model `HTML' substituted by `rgb' on input line 1370.
Package xcolor Info: Model `Hsb' substituted by `hsb' on input line 1371.
Package xcolor Info: Model `tHsb' substituted by `hsb' on input line 1372.
Package xcolor Info: Model `HSB' substituted by `hsb' on input line 1373.
Package xcolor Info: Model `Gray' substituted by `gray' on input line 1374.
Package xcolor Info: Model `wave' substituted by `hsb' on input line 1375.
) (c:/Users/chiara/AppData/Roaming/TinyTeX/texmf-dist/tex/latex/hyperref/hyperref.sty
Package: hyperref 2022-05-17 v7.00q Hypertext links for LaTeX
(c:/Users/chiara/AppData/Roaming/TinyTeX/texmf-dist/tex/generic/ltxcmds/ltxcmds.sty
Package: ltxcmds 2020-05-10 v1.25 LaTeX kernel commands for general use (HO)
) (c:/Users/chiara/AppData/Roaming/TinyTeX/texmf-dist/tex/generic/pdftexcmds/pdftexcmds.sty
Package: pdftexcmds 2020-06-27 v0.33 Utility functions of pdfTeX for LuaTeX (HO)
(c:/Users/chiara/AppData/Roaming/TinyTeX/texmf-dist/tex/generic/infwarerr/infwarerr.sty
Package: infwarerr 2019/12/03 v1.5 Providing info/warning/error messages (HO)
)
Package pdftexcmds Info: \pdf@primitive is available.
Package pdftexcmds Info: \pdf@ifprimitive is available.
Package pdftexcmds Info: \pdfdraftmode found.
) (c:/Users/chiara/AppData/Roaming/TinyTeX/texmf-dist/tex/latex/graphics/keyval.sty
Package: keyval 2014/10/28 v1.15 key=value parser (DPC)
\KV@toks@=\toks23
) (c:/Users/chiara/AppData/Roaming/TinyTeX/texmf-dist/tex/generic/kvsetkeys/kvsetkeys.sty
Package: kvsetkeys 2019/12/15 v1.18 Key value parser (HO)
) (c:/Users/chiara/AppData/Roaming/TinyTeX/texmf-dist/tex/generic/kvdefinekeys/kvdefinekeys.sty
Package: kvdefinekeys 2019-12-19 v1.6 Define keys (HO)
) (c:/Users/chiara/AppData/Roaming/TinyTeX/texmf-dist/tex/generic/pdfescape/pdfescape.sty
Package: pdfescape 2019/12/09 v1.15 Implements pdfTeX's escape features (HO)
) (c:/Users/chiara/AppData/Roaming/TinyTeX/texmf-dist/tex/latex/hycolor/hycolor.sty
Package: hycolor 2020-01-27 v1.10 Color options for hyperref/bookmark (HO)
) (c:/Users/chiara/AppData/Roaming/TinyTeX/texmf-dist/tex/latex/letltxmacro/letltxmacro.sty
Package: letltxmacro 2019/12/03 v1.6 Let assignment for LaTeX macros (HO)
) (c:/Users/chiara/AppData/Roaming/TinyTeX/texmf-dist/tex/latex/auxhook/auxhook.sty
Package: auxhook 2019-12-17 v1.6 Hooks for auxiliary files (HO)
) (c:/Users/chiara/AppData/Roaming/TinyTeX/texmf-dist/tex/latex/hyperref/nameref.sty
Package: nameref 2022-05-17 v2.50 Cross-referencing by name of section
(c:/Users/chiara/AppData/Roaming/TinyTeX/texmf-dist/tex/latex/refcount/refcount.sty
Package: refcount 2019/12/15 v3.6 Data extraction from label references (HO)
) (c:/Users/chiara/AppData/Roaming/TinyTeX/texmf-dist/tex/generic/gettitlestring/gettitlestring.sty
Package: gettitlestring 2019/12/15 v1.6 Cleanup title references (HO)
(c:/Users/chiara/AppData/Roaming/TinyTeX/texmf-dist/tex/latex/kvoptions/kvoptions.sty
Package: kvoptions 2020-10-07 v3.14 Key value format for package options (HO)
))
\c@section@level=\count271
)
\@linkdim=\dimen148
\Hy@linkcounter=\count272
\Hy@pagecounter=\count273
(c:/Users/chiara/AppData/Roaming/TinyTeX/texmf-dist/tex/latex/hyperref/pd1enc.def
File: pd1enc.def 2022-05-17 v7.00q Hyperref: PDFDocEncoding definition (HO)
Now handling font encoding PD1 ...
... no UTF-8 mapping file for font encoding PD1
) (c:/Users/chiara/AppData/Roaming/TinyTeX/texmf-dist/tex/generic/intcalc/intcalc.sty
Package: intcalc 2019/12/15 v1.3 Expandable calculations with integers (HO)
) (c:/Users/chiara/AppData/Roaming/TinyTeX/texmf-dist/tex/generic/etexcmds/etexcmds.sty
Package: etexcmds 2019/12/15 v1.7 Avoid name clashes with e-TeX commands (HO)
)
\Hy@SavedSpaceFactor=\count274
(c:/Users/chiara/AppData/Roaming/TinyTeX/texmf-dist/tex/latex/hyperref/puenc.def
File: puenc.def 2022-05-17 v7.00q Hyperref: PDF Unicode definition (HO)
Now handling font encoding PU ...
... no UTF-8 mapping file for font encoding PU
)
Package hyperref Info: Option `unicode' set `true' on input line 4020.
Package hyperref Info: Hyper figures OFF on input line 4139.
Package hyperref Info: Link nesting OFF on input line 4144.
Package hyperref Info: Hyper index ON on input line 4147.
Package hyperref Info: Plain pages OFF on input line 4154.
Package hyperref Info: Backreferencing OFF on input line 4159.
Package hyperref Info: Implicit mode ON; LaTeX internals redefined.
Package hyperref Info: Bookmarks ON on input line 4385.
\c@Hy@tempcnt=\count275
(c:/Users/chiara/AppData/Roaming/TinyTeX/texmf-dist/tex/latex/url/url.sty
\Urlmuskip=\muskip17
Package: url 2013/09/16  ver 3.4  Verb mode for urls, etc.
)
LaTeX Info: Redefining \url on input line 4723.
\XeTeXLinkMargin=\dimen149
(c:/Users/chiara/AppData/Roaming/TinyTeX/texmf-dist/tex/generic/bitset/bitset.sty
Package: bitset 2019/12/09 v1.3 Handle bit-vector datatype (HO)
(c:/Users/chiara/AppData/Roaming/TinyTeX/texmf-dist/tex/generic/bigintcalc/bigintcalc.sty
Package: bigintcalc 2019/12/15 v1.5 Expandable calculations on big integers (HO)
))
\Fld@menulength=\count276
\Field@Width=\dimen150
\Fld@charsize=\dimen151
Package hyperref Info: Hyper figures OFF on input line 6001.
Package hyperref Info: Link nesting OFF on input line 6006.
Package hyperref Info: Hyper index ON on input line 6009.
Package hyperref Info: backreferencing OFF on input line 6016.
Package hyperref Info: Link coloring OFF on input line 6021.
Package hyperref Info: Link coloring with OCG OFF on input line 6026.
Package hyperref Info: PDF/A mode OFF on input line 6031.
LaTeX Info: Redefining \ref on input line 6078.
LaTeX Info: Redefining \pageref on input line 6078.
(c:/Users/chiara/AppData/Roaming/TinyTeX/texmf-dist/tex/latex/base/atbegshi-ltx.sty
Package: atbegshi-ltx 2021/01/10 v1.0c Emulation of the original atbegshi
package with kernel methods
)
\Hy@abspage=\count277
\c@Item=\count278
\c@Hfootnote=\count279
)
Package hyperref Info: Driver (autodetected): hpdftex.
(c:/Users/chiara/AppData/Roaming/TinyTeX/texmf-dist/tex/latex/hyperref/hpdftex.def
File: hpdftex.def 2022-05-17 v7.00q Hyperref driver for pdfTeX
(c:/Users/chiara/AppData/Roaming/TinyTeX/texmf-dist/tex/latex/base/atveryend-ltx.sty
Package: atveryend-ltx 2020/08/19 v1.0a Emulation of the original atveryend package
with kernel methods
)
\Fld@listcount=\count280
\c@bookmark@seq@number=\count281
(c:/Users/chiara/AppData/Roaming/TinyTeX/texmf-dist/tex/latex/rerunfilecheck/rerunfilecheck.sty
Package: rerunfilecheck 2019/12/05 v1.9 Rerun checks for auxiliary files (HO)
(c:/Users/chiara/AppData/Roaming/TinyTeX/texmf-dist/tex/generic/uniquecounter/uniquecounter.sty
Package: uniquecounter 2019/12/15 v1.4 Provide unlimited unique counter (HO)
)
Package uniquecounter Info: New unique counter `rerunfilecheck' on input line 286.
)
\Hy@SectionHShift=\skip52
) (c:/Users/chiara/AppData/Roaming/TinyTeX/texmf-dist/tex/latex/geometry/geometry.sty
Package: geometry 2020/01/02 v5.9 Page Geometry
(c:/Users/chiara/AppData/Roaming/TinyTeX/texmf-dist/tex/generic/iftex/ifvtex.sty
Package: ifvtex 2019/10/25 v1.7 ifvtex legacy package. Use iftex instead.
)
\Gm@cnth=\count282
\Gm@cntv=\count283
\c@Gm@tempcnt=\count284
\Gm@bindingoffset=\dimen152
\Gm@wd@mp=\dimen153
\Gm@odd@mp=\dimen154
\Gm@even@mp=\dimen155
\Gm@layoutwidth=\dimen156
\Gm@layoutheight=\dimen157
\Gm@layouthoffset=\dimen158
\Gm@layoutvoffset=\dimen159
\Gm@dimlist=\toks24
) (c:/Users/chiara/AppData/Roaming/TinyTeX/texmf-dist/tex/latex/fancyvrb/fancyvrb.sty
Package: fancyvrb 2022/06/03 4.4 verbatim text (tvz,hv)
\FV@CodeLineNo=\count285
\FV@InFile=\read2
\FV@TabBox=\box52
\c@FancyVerbLine=\count286
\FV@StepNumber=\count287
\FV@OutFile=\write3
) (c:/Users/chiara/AppData/Roaming/TinyTeX/texmf-dist/tex/latex/framed/framed.sty
Package: framed 2011/10/22 v 0.96: framed or shaded text with page breaks
\OuterFrameSep=\skip53
\fb@frw=\dimen160
\fb@frh=\dimen161
\FrameRule=\dimen162
\FrameSep=\dimen163
) (c:/Users/chiara/AppData/Roaming/TinyTeX/texmf-dist/tex/latex/graphics/graphicx.sty
Package: graphicx 2021/09/16 v1.2d Enhanced LaTeX Graphics (DPC,SPQR)
(c:/Users/chiara/AppData/Roaming/TinyTeX/texmf-dist/tex/latex/graphics/graphics.sty
Package: graphics 2021/03/04 v1.4d Standard LaTeX Graphics (DPC,SPQR)
(c:/Users/chiara/AppData/Roaming/TinyTeX/texmf-dist/tex/latex/graphics/trig.sty
Package: trig 2021/08/11 v1.11 sin cos tan (DPC)
) (c:/Users/chiara/AppData/Roaming/TinyTeX/texmf-dist/tex/latex/graphics-cfg/graphics.cfg
File: graphics.cfg 2016/06/04 v1.11 sample graphics configuration
)
Package graphics Info: Driver file: pdftex.def on input line 107.
)
\Gin@req@height=\dimen164
\Gin@req@width=\dimen165
) (c:/Users/chiara/AppData/Roaming/TinyTeX/texmf-dist/tex/latex/booktabs/booktabs.sty
Package: booktabs 2020/01/12 v1.61803398 Publication quality tables
\heavyrulewidth=\dimen166
\lightrulewidth=\dimen167
\cmidrulewidth=\dimen168
\belowrulesep=\dimen169
\belowbottomsep=\dimen170
\aboverulesep=\dimen171
\abovetopsep=\dimen172
\cmidrulesep=\dimen173
\cmidrulekern=\dimen174
\defaultaddspace=\dimen175
\@cmidla=\count288
\@cmidlb=\count289
\@aboverulesep=\dimen176
\@belowrulesep=\dimen177
\@thisruleclass=\count290
\@lastruleclass=\count291
\@thisrulewidth=\dimen178
) (c:/Users/chiara/AppData/Roaming/TinyTeX/texmf-dist/tex/latex/tools/longtable.sty
Package: longtable 2021-09-01 v4.17 Multi-page Table package (DPC)
\LTleft=\skip54
\LTright=\skip55
\LTpre=\skip56
\LTpost=\skip57
\LTchunksize=\count292
\LTcapwidth=\dimen179
\LT@head=\box53
\LT@firsthead=\box54
\LT@foot=\box55
\LT@lastfoot=\box56
\LT@gbox=\box57
\LT@cols=\count293
\LT@rows=\count294
\c@LT@tables=\count295
\c@LT@chunks=\count296
\LT@p@ftn=\toks25
) (c:/Users/chiara/AppData/Roaming/TinyTeX/texmf-dist/tex/latex/tools/array.sty
Package: array 2021/10/04 v2.5f Tabular extension package (FMi)
\col@sep=\dimen180
\ar@mcellbox=\box58
\extrarowheight=\dimen181
\NC@list=\toks26
\extratabsurround=\skip58
\backup@length=\skip59
\ar@cellbox=\box59
) (c:/Users/chiara/AppData/Roaming/TinyTeX/texmf-dist/tex/latex/multirow/multirow.sty
Package: multirow 2021/03/15 v2.8 Span multiple rows of a table
\multirow@colwidth=\skip60
\multirow@cntb=\count297
\multirow@dima=\skip61
\bigstrutjot=\dimen182
) (c:/Users/chiara/AppData/Roaming/TinyTeX/texmf-dist/tex/latex/wrapfig/wrapfig.sty
\wrapoverhang=\dimen183
\WF@size=\dimen184
\c@WF@wrappedlines=\count298
\WF@box=\box60
\WF@everypar=\toks27
Package: wrapfig 2003/01/31  v 3.6
) (c:/Users/chiara/AppData/Roaming/TinyTeX/texmf-dist/tex/latex/float/float.sty
Package: float 2001/11/08 v1.3d Float enhancements (AL)
\c@float@type=\count299
\float@exts=\toks28
\float@box=\box61
\@float@everytoks=\toks29
\@floatcapt=\box62
) (c:/Users/chiara/AppData/Roaming/TinyTeX/texmf-dist/tex/latex/colortbl/colortbl.sty
Package: colortbl 2020/01/04 v1.0e Color table columns (DPC)
\everycr=\toks30
\minrowclearance=\skip62
) (c:/Users/chiara/AppData/Roaming/TinyTeX/texmf-dist/tex/latex/pdflscape/pdflscape.sty
Package: pdflscape 2019/12/05 v0.12 Display of landscape pages in PDF (HO)
(c:/Users/chiara/AppData/Roaming/TinyTeX/texmf-dist/tex/latex/graphics/lscape.sty
Package: lscape 2020/05/28 v3.02 Landscape Pages (DPC)
)
Package pdflscape Info: Auto-detected driver: pdftex on input line 81.
) (c:/Users/chiara/AppData/Roaming/TinyTeX/texmf-dist/tex/latex/tabu/tabu.sty
Package: tabu 2019/01/11 v2.9 - flexible LaTeX tabulars (FC+tabu-fixed)
(c:/Users/chiara/AppData/Roaming/TinyTeX/texmf-dist/tex/latex/varwidth/varwidth.sty
Package: varwidth 2009/03/30 ver 0.92;  Variable-width minipages
\@vwid@box=\box63
\sift@deathcycles=\count300
\@vwid@loff=\dimen185
\@vwid@roff=\dimen186
)
\c@taburow=\count301
\tabu@nbcols=\count302
\tabu@cnt=\count303
\tabu@Xcol=\count304
\tabu@alloc=\count305
\tabu@nested=\count306
\tabu@target=\dimen187
\tabu@spreadtarget=\dimen188
\tabu@naturalX=\dimen189
\tabucolX=\dimen190
\tabu@Xsum=\dimen191
\extrarowdepth=\dimen192
\abovetabulinesep=\dimen193
\belowtabulinesep=\dimen194
\tabustrutrule=\dimen195
\tabu@thebody=\toks31
\tabu@footnotes=\toks32
\tabu@box=\box64
\tabu@arstrutbox=\box65
\tabu@hleads=\box66
\tabu@vleads=\box67
\tabu@cellskip=\skip63
) (c:/Users/chiara/AppData/Roaming/TinyTeX/texmf-dist/tex/latex/threeparttable/threeparttable.sty
Package: threeparttable 2003/06/13  v 3.0
\@tempboxb=\box68
) (c:/Users/chiara/AppData/Roaming/TinyTeX/texmf-dist/tex/latex/threeparttablex/threeparttablex.sty
Package: threeparttablex 2013/07/23 v0.3 by daleif
(c:/Users/chiara/AppData/Roaming/TinyTeX/texmf-dist/tex/latex/environ/environ.sty
Package: environ 2014/05/04 v0.3 A new way to define environments
(c:/Users/chiara/AppData/Roaming/TinyTeX/texmf-dist/tex/latex/trimspaces/trimspaces.sty
Package: trimspaces 2009/09/17 v1.1 Trim spaces around a token list
))
\TPTL@width=\skip64
) (c:/Users/chiara/AppData/Roaming/TinyTeX/texmf-dist/tex/generic/ulem/ulem.sty
\UL@box=\box69
\UL@hyphenbox=\box70
\UL@skip=\skip65
\UL@hook=\toks33
\UL@height=\dimen196
\UL@pe=\count307
\UL@pixel=\dimen197
\ULC@box=\box71
Package: ulem 2019/11/18
\ULdepth=\dimen198
) (c:/Users/chiara/AppData/Roaming/TinyTeX/texmf-dist/tex/latex/makecell/makecell.sty
Package: makecell 2009/08/03 V0.1e Managing of Tab Column Heads and Cells
\rotheadsize=\dimen199
\c@nlinenum=\count308
\TeXr@lab=\toks34
) (c:/Users/chiara/AppData/Roaming/TinyTeX/texmf-dist/tex/latex/l3backend/l3backend-pdftex.def
File: l3backend-pdftex.def 2022-04-20 L3 backend support: PDF output (pdfTeX)
\l__color_backend_stack_int=\count309
\l__pdf_internal_box=\box72
) (./R-Markdown-Assignment.aux)
\openout1 = `R-Markdown-Assignment.aux'.

LaTeX Font Info:    Checking defaults for OML/cmm/m/it on input line 125.
LaTeX Font Info:    ... okay on input line 125.
LaTeX Font Info:    Checking defaults for OMS/cmsy/m/n on input line 125.
LaTeX Font Info:    ... okay on input line 125.
LaTeX Font Info:    Checking defaults for OT1/cmr/m/n on input line 125.
LaTeX Font Info:    ... okay on input line 125.
LaTeX Font Info:    Checking defaults for T1/cmr/m/n on input line 125.
LaTeX Font Info:    ... okay on input line 125.
LaTeX Font Info:    Checking defaults for TS1/cmr/m/n on input line 125.
LaTeX Font Info:    ... okay on input line 125.
LaTeX Font Info:    Checking defaults for OMX/cmex/m/n on input line 125.
LaTeX Font Info:    ... okay on input line 125.
LaTeX Font Info:    Checking defaults for U/cmr/m/n on input line 125.
LaTeX Font Info:    ... okay on input line 125.
LaTeX Font Info:    Checking defaults for PD1/pdf/m/n on input line 125.
LaTeX Font Info:    ... okay on input line 125.
LaTeX Font Info:    Checking defaults for PU/pdf/m/n on input line 125.
LaTeX Font Info:    ... okay on input line 125.
(c:/Users/chiara/AppData/Roaming/TinyTeX/texmf-dist/tex/latex/epstopdf-pkg/epstopdf-base.sty
Package: epstopdf-base 2020-01-24 v2.11 Base part for package epstopdf
Package epstopdf-base Info: Redefining graphics rule for `.eps' on input line 485.
(c:/Users/chiara/AppData/Roaming/TinyTeX/texmf-dist/tex/latex/latexconfig/epstopdf-sys.cfg
File: epstopdf-sys.cfg 2010/07/13 v1.3 Configuration of (r)epstopdf for TeX Live
))
Package hyperref Info: Link coloring OFF on input line 125.
(./R-Markdown-Assignment.out) (./R-Markdown-Assignment.out)
\@outlinefile=\write4
\openout4 = `R-Markdown-Assignment.out'.

*geometry* driver: auto-detecting
*geometry* detected driver: pdftex
*geometry* verbose mode - [ preamble ] result:
* driver: pdftex
* paper: a4paper
* layout: <same size as paper>
* layoutoffset:(h,v)=(0.0pt,0.0pt)
* modes: 
* h-part:(L,W,R)=(72.26999pt, 452.9679pt, 72.26999pt)
* v-part:(T,H,B)=(72.26999pt, 700.50687pt, 72.26999pt)
* \paperwidth=597.50787pt
* \paperheight=845.04684pt
* \textwidth=452.9679pt
* \textheight=700.50687pt
* \oddsidemargin=0.0pt
* \evensidemargin=0.0pt
* \topmargin=-37.0pt
* \headheight=12.0pt
* \headsep=25.0pt
* \topskip=11.0pt
* \footskip=30.0pt
* \marginparwidth=50.0pt
* \marginparsep=10.0pt
* \columnsep=10.0pt
* \skip\footins=10.0pt plus 4.0pt minus 2.0pt
* \hoffset=0.0pt
* \voffset=0.0pt
* \mag=1000
* \@twocolumnfalse
* \@twosidefalse
* \@mparswitchfalse
* \@reversemarginfalse
* (1in=72.27pt=25.4mm, 1cm=28.453pt)

LaTeX Font Info:    Trying to load font information for OT1+lmr on input line 127.
(c:/Users/chiara/AppData/Roaming/TinyTeX/texmf-dist/tex/latex/lm/ot1lmr.fd
File: ot1lmr.fd 2015/05/01 v1.6.1 Font defs for Latin Modern
)
LaTeX Font Info:    Trying to load font information for OML+lmm on input line 127.
(c:/Users/chiara/AppData/Roaming/TinyTeX/texmf-dist/tex/latex/lm/omllmm.fd
File: omllmm.fd 2015/05/01 v1.6.1 Font defs for Latin Modern
)
LaTeX Font Info:    Trying to load font information for OMS+lmsy on input line 127.
(c:/Users/chiara/AppData/Roaming/TinyTeX/texmf-dist/tex/latex/lm/omslmsy.fd
File: omslmsy.fd 2015/05/01 v1.6.1 Font defs for Latin Modern
)
LaTeX Font Info:    Trying to load font information for OMX+lmex on input line 127.
(c:/Users/chiara/AppData/Roaming/TinyTeX/texmf-dist/tex/latex/lm/omxlmex.fd
File: omxlmex.fd 2015/05/01 v1.6.1 Font defs for Latin Modern
)
LaTeX Font Info:    External font `lmex10' loaded for size
(Font)              <12> on input line 127.
LaTeX Font Info:    External font `lmex10' loaded for size
(Font)              <8> on input line 127.
LaTeX Font Info:    External font `lmex10' loaded for size
(Font)              <6> on input line 127.
LaTeX Font Info:    Trying to load font information for U+msa on input line 127.
(c:/Users/chiara/AppData/Roaming/TinyTeX/texmf-dist/tex/latex/amsfonts/umsa.fd
File: umsa.fd 2013/01/14 v3.01 AMS symbols A
)
LaTeX Font Info:    Trying to load font information for U+msb on input line 127.
(c:/Users/chiara/AppData/Roaming/TinyTeX/texmf-dist/tex/latex/amsfonts/umsb.fd
File: umsb.fd 2013/01/14 v3.01 AMS symbols B
)
LaTeX Font Info:    Trying to load font information for T1+lmtt on input line 131.
(c:/Users/chiara/AppData/Roaming/TinyTeX/texmf-dist/tex/latex/lm/t1lmtt.fd
File: t1lmtt.fd 2015/05/01 v1.6.1 Font defs for Latin Modern
)
LaTeX Font Info:    Font shape `T1/lmtt/bx/n' in size <10.95> not available
(Font)              Font shape `T1/lmtt/b/n' tried instead on input line 180.
[1

{c:/Users/chiara/AppData/Roaming/TinyTeX/texmf-var/fonts/map/pdftex/updmap/pdftex.map}] [2] [3] [4] [5] [6]
Overfull \hbox (24.17699pt too wide) in paragraph at lines 620--620
[]\T1/lmtt/m/n/10.95 ##   title       zipcode city  cold_rent heating_cost_in~ service_charges warm_rent[] 
 []


Overfull \hbox (24.17699pt too wide) in paragraph at lines 620--620
[]\T1/lmtt/m/n/10.95 ##   <chr>         <dbl> <chr>     <dbl>            <dbl>           <dbl>     <dbl>[] 
 []


Overfull \hbox (18.42825pt too wide) in paragraph at lines 620--620
[]\T1/lmtt/m/n/10.95 ## 1 2-Zi.-Miet~   45136 essen      320                NA              90      410[] 
 []


Overfull \hbox (18.42825pt too wide) in paragraph at lines 620--620
[]\T1/lmtt/m/n/10.95 ## 2 *** Das is~   45355 essen      480                90             236      716[] 
 []


Overfull \hbox (18.42825pt too wide) in paragraph at lines 620--620
[]\T1/lmtt/m/n/10.95 ## 3 *** Modern~   45355 essen      590                77             224      814[] 
 []


Overfull \hbox (24.17699pt too wide) in paragraph at lines 620--620
[]\T1/lmtt/m/n/10.95 ## 4 Wir renovi~   45307 essen      496.               45             117      658.[] 
 []


Overfull \hbox (18.42825pt too wide) in paragraph at lines 620--620
[]\T1/lmtt/m/n/10.95 ## 5 Schöne dre~   45134 essen      690                NA             160      850[] 
 []


Overfull \hbox (18.42825pt too wide) in paragraph at lines 620--620
[]\T1/lmtt/m/n/10.95 ## 6 Schöne Aus~   45279 essen      450                75             150      675[] 
 []


Overfull \hbox (1.18205pt too wide) in paragraph at lines 620--620
[]\T1/lmtt/m/n/10.95 ## # ... with 6 more variables: deposit <dbl>, square_meter <dbl>, rooms <dbl>,[] 
 []

[7]
LaTeX Font Info:    Trying to load font information for TS1+lmtt on input line 642.
(c:/Users/chiara/AppData/Roaming/TinyTeX/texmf-dist/tex/latex/lm/ts1lmtt.fd
File: ts1lmtt.fd 2015/05/01 v1.6.1 Font defs for Latin Modern
)
LaTeX Font Info:    External font `lmex10' loaded for size
(Font)              <10> on input line 655.
LaTeX Font Info:    External font `lmex10' loaded for size
(Font)              <7> on input line 655.
LaTeX Font Info:    External font `lmex10' loaded for size
(Font)              <5> on input line 655.
LaTeX Font Info:    Trying to load font information for TS1+lmr on input line 708.
(c:/Users/chiara/AppData/Roaming/TinyTeX/texmf-dist/tex/latex/lm/ts1lmr.fd
File: ts1lmr.fd 2015/05/01 v1.6.1 Font defs for Latin Modern
)
Overfull \hbox (1048.83511pt too wide) in paragraph at lines 655--961
 [][] 
 []


LaTeX Warning: Float too large for page by 2953.23618pt on input line 961.


LaTeX Warning: `!h' float specifier changed to `!ht'.


Overfull \hbox (24.17699pt too wide) in paragraph at lines 989--989
[]\T1/lmtt/m/n/10.95 ##    title      zipcode city  cold_rent heating_cost_in~ service_charges warm_rent[] 
 []


Overfull \hbox (24.17699pt too wide) in paragraph at lines 989--989
[]\T1/lmtt/m/n/10.95 ##    <chr>        <dbl> <chr>     <dbl>            <dbl>           <dbl>     <dbl>[] 
 []


Overfull \hbox (24.17699pt too wide) in paragraph at lines 989--989
[]\T1/lmtt/m/n/10.95 ##  1 Wir renov~   45307 essen      496.             45             117        658.[] 
 []


Overfull \hbox (18.42825pt too wide) in paragraph at lines 989--989
[]\T1/lmtt/m/n/10.95 ##  2 Da kommt ~   45144 essen     1600             106             273       1979[] 
 []


Overfull \hbox (24.17699pt too wide) in paragraph at lines 989--989
[]\T1/lmtt/m/n/10.95 ##  3 Wer will ~   45128 essen      540.             36              96        672.[] 
 []


Overfull \hbox (24.17699pt too wide) in paragraph at lines 989--989
[]\T1/lmtt/m/n/10.95 ##  4 Preisgüns~   45144 essen      453.             56             106        615.[] 
 []


Overfull \hbox (24.17699pt too wide) in paragraph at lines 989--989
[]\T1/lmtt/m/n/10.95 ##  5 3 Kaltmie~   45141 essen      422.             20.4            93.8      536.[] 
 []


Overfull \hbox (18.42825pt too wide) in paragraph at lines 989--989
[]\T1/lmtt/m/n/10.95 ##  6 2 Raum mi~   45326 essen      397              50              68        515[] 
 []


Overfull \hbox (24.17699pt too wide) in paragraph at lines 989--989
[]\T1/lmtt/m/n/10.95 ##  7 Individue~   45279 essen      294.             30             129        453.[] 
 []


Overfull \hbox (24.17699pt too wide) in paragraph at lines 989--989
[]\T1/lmtt/m/n/10.95 ##  8 Ein ruhig~   45279 essen      346.             89             218        652.[] 
 []


Overfull \hbox (24.17699pt too wide) in paragraph at lines 989--989
[]\T1/lmtt/m/n/10.95 ##  9 Wohnung m~   45279 essen      632.             38             148        818.[] 
 []


Overfull \hbox (18.42825pt too wide) in paragraph at lines 989--989
[]\T1/lmtt/m/n/10.95 ## 10 Gemütlich~   45329 essen      455              64              66        585[] 
 []

[8] [9]
<R-Markdown-Assignment_files/figure-latex/unnamed-chunk-26-1.pdf, id=84, 469.755pt x 325.215pt>
File: R-Markdown-Assignment_files/figure-latex/unnamed-chunk-26-1.pdf Graphic file (type pdf)
<use R-Markdown-Assignment_files/figure-latex/unnamed-chunk-26-1.pdf>
Package pdftex.def Info: R-Markdown-Assignment_files/figure-latex/unnamed-chunk-26-1.pdf  used on input line 1144.
(pdftex.def)             Requested size: 452.96669pt x 313.59232pt.
[10]
<R-Markdown-Assignment_files/figure-latex/unnamed-chunk-27-1.pdf, id=90, 469.755pt x 325.215pt>
File: R-Markdown-Assignment_files/figure-latex/unnamed-chunk-27-1.pdf Graphic file (type pdf)
<use R-Markdown-Assignment_files/figure-latex/unnamed-chunk-27-1.pdf>
Package pdftex.def Info: R-Markdown-Assignment_files/figure-latex/unnamed-chunk-27-1.pdf  used on input line 1172.
(pdftex.def)             Requested size: 452.96669pt x 313.59232pt.
[11 <./R-Markdown-Assignment_files/figure-latex/unnamed-chunk-26-1.pdf>]
<R-Markdown-Assignment_files/figure-latex/unnamed-chunk-27-2.pdf, id=101, 469.755pt x 325.215pt>
File: R-Markdown-Assignment_files/figure-latex/unnamed-chunk-27-2.pdf Graphic file (type pdf)
<use R-Markdown-Assignment_files/figure-latex/unnamed-chunk-27-2.pdf>
Package pdftex.def Info: R-Markdown-Assignment_files/figure-latex/unnamed-chunk-27-2.pdf  used on input line 1189.
(pdftex.def)             Requested size: 452.96669pt x 313.59232pt.
[12 <./R-Markdown-Assignment_files/figure-latex/unnamed-chunk-27-1.pdf>]
<R-Markdown-Assignment_files/figure-latex/unnamed-chunk-28-1.pdf, id=111, 469.755pt x 325.215pt>
File: R-Markdown-Assignment_files/figure-latex/unnamed-chunk-28-1.pdf Graphic file (type pdf)
<use R-Markdown-Assignment_files/figure-latex/unnamed-chunk-28-1.pdf>
Package pdftex.def Info: R-Markdown-Assignment_files/figure-latex/unnamed-chunk-28-1.pdf  used on input line 1212.
(pdftex.def)             Requested size: 452.96669pt x 313.59232pt.
[13 <./R-Markdown-Assignment_files/figure-latex/unnamed-chunk-27-2.pdf>]
<R-Markdown-Assignment_files/figure-latex/unnamed-chunk-28-2.pdf, id=123, 469.755pt x 325.215pt>
File: R-Markdown-Assignment_files/figure-latex/unnamed-chunk-28-2.pdf Graphic file (type pdf)
<use R-Markdown-Assignment_files/figure-latex/unnamed-chunk-28-2.pdf>
Package pdftex.def Info: R-Markdown-Assignment_files/figure-latex/unnamed-chunk-28-2.pdf  used on input line 1224.
(pdftex.def)             Requested size: 452.96669pt x 313.59232pt.
[14 <./R-Markdown-Assignment_files/figure-latex/unnamed-chunk-28-1.pdf>]
<R-Markdown-Assignment_files/figure-latex/unnamed-chunk-29-1.pdf, id=133, 469.755pt x 325.215pt>
File: R-Markdown-Assignment_files/figure-latex/unnamed-chunk-29-1.pdf Graphic file (type pdf)
<use R-Markdown-Assignment_files/figure-latex/unnamed-chunk-29-1.pdf>
Package pdftex.def Info: R-Markdown-Assignment_files/figure-latex/unnamed-chunk-29-1.pdf  used on input line 1249.
(pdftex.def)             Requested size: 452.96669pt x 313.59232pt.
[15 <./R-Markdown-Assignment_files/figure-latex/unnamed-chunk-28-2.pdf>]
<R-Markdown-Assignment_files/figure-latex/unnamed-chunk-30-1.pdf, id=144, 469.755pt x 325.215pt>
File: R-Markdown-Assignment_files/figure-latex/unnamed-chunk-30-1.pdf Graphic file (type pdf)
<use R-Markdown-Assignment_files/figure-latex/unnamed-chunk-30-1.pdf>
Package pdftex.def Info: R-Markdown-Assignment_files/figure-latex/unnamed-chunk-30-1.pdf  used on input line 1276.
(pdftex.def)             Requested size: 452.96669pt x 313.59232pt.
[16 <./R-Markdown-Assignment_files/figure-latex/unnamed-chunk-29-1.pdf>]
<R-Markdown-Assignment_files/figure-latex/unnamed-chunk-31-1.pdf, id=157, 469.755pt x 325.215pt>
File: R-Markdown-Assignment_files/figure-latex/unnamed-chunk-31-1.pdf Graphic file (type pdf)
<use R-Markdown-Assignment_files/figure-latex/unnamed-chunk-31-1.pdf>
Package pdftex.def Info: R-Markdown-Assignment_files/figure-latex/unnamed-chunk-31-1.pdf  used on input line 1305.
(pdftex.def)             Requested size: 452.96669pt x 313.59232pt.
[17 <./R-Markdown-Assignment_files/figure-latex/unnamed-chunk-30-1.pdf>]
<R-Markdown-Assignment_files/figure-latex/unnamed-chunk-32-1.pdf, id=168, 469.755pt x 325.215pt>
File: R-Markdown-Assignment_files/figure-latex/unnamed-chunk-32-1.pdf Graphic file (type pdf)
<use R-Markdown-Assignment_files/figure-latex/unnamed-chunk-32-1.pdf>
Package pdftex.def Info: R-Markdown-Assignment_files/figure-latex/unnamed-chunk-32-1.pdf  used on input line 1343.
(pdftex.def)             Requested size: 452.96669pt x 313.59232pt.
[18 <./R-Markdown-Assignment_files/figure-latex/unnamed-chunk-31-1.pdf>] [19 <./R-Markdown-Assignment_files/figure-latex/unnamed-chunk-32-1.pdf>]
Overfull \hbox (12.67952pt too wide) in paragraph at lines 1412--1412
[]\T1/lmtt/m/n/10.95 ##                       efficiency_class energy_demand cold_rent_qm warm_rent_qm[] 
 []


Overfull \hbox (12.67952pt too wide) in paragraph at lines 1412--1412
[]\T1/lmtt/m/n/10.95 ## zipcode                    -0.08735620   -0.12728184  -0.15669800  -0.22909810[] 
 []


Overfull \hbox (12.67952pt too wide) in paragraph at lines 1412--1412
[]\T1/lmtt/m/n/10.95 ## city                       -0.12251081   -0.14104300  -0.08268723  -0.17886801[] 
 []


Overfull \hbox (12.67952pt too wide) in paragraph at lines 1412--1412
[]\T1/lmtt/m/n/10.95 ## cold_rent                  -0.14201658   -0.16512656   0.51899217   0.44956791[] 
 []


Overfull \hbox (12.67952pt too wide) in paragraph at lines 1412--1412
[]\T1/lmtt/m/n/10.95 ## heating_cost_included       0.29700277    0.25362829  -0.10788920   0.06075776[] 
 []


Overfull \hbox (12.67952pt too wide) in paragraph at lines 1412--1412
[]\T1/lmtt/m/n/10.95 ## service_charges            -0.01805435   -0.02337416  -0.10085479   0.05924705[] 
 []


Overfull \hbox (12.67952pt too wide) in paragraph at lines 1412--1412
[]\T1/lmtt/m/n/10.95 ## warm_rent                  -0.08874809   -0.11243906   0.39912837   0.39685471[] 
 []


Overfull \hbox (12.67952pt too wide) in paragraph at lines 1412--1412
[]\T1/lmtt/m/n/10.95 ## deposit                    -0.15832216   -0.17359207   0.48155151   0.43915819[] 
 []


Overfull \hbox (12.67952pt too wide) in paragraph at lines 1412--1412
[]\T1/lmtt/m/n/10.95 ## square_meter               -0.02301613   -0.07155952   0.02604321  -0.01398242[] 
 []


Overfull \hbox (12.67952pt too wide) in paragraph at lines 1412--1412
[]\T1/lmtt/m/n/10.95 ## rooms                       0.15629194    0.11843928  -0.07116576  -0.04167951[] 
 []


Overfull \hbox (12.67952pt too wide) in paragraph at lines 1412--1412
[]\T1/lmtt/m/n/10.95 ## building_year              -0.33254517   -0.26938478   0.20974012   0.25393548[] 
 []


Overfull \hbox (12.67952pt too wide) in paragraph at lines 1412--1412
[]\T1/lmtt/m/n/10.95 ## efficiency_class            1.00000000    0.94063739  -0.30896094  -0.20726742[] 
 []


Overfull \hbox (12.67952pt too wide) in paragraph at lines 1412--1412
[]\T1/lmtt/m/n/10.95 ## energy_demand               0.94063739    1.00000000  -0.26100727  -0.14316665[] 
 []


Overfull \hbox (12.67952pt too wide) in paragraph at lines 1412--1412
[]\T1/lmtt/m/n/10.95 ## cold_rent_qm               -0.30896094   -0.26100727   1.00000000   0.92294041[] 
 []


Overfull \hbox (12.67952pt too wide) in paragraph at lines 1412--1412
[]\T1/lmtt/m/n/10.95 ## warm_rent_qm               -0.20726742   -0.14316665   0.92294041   1.00000000[] 
 []

[20]
<R-Markdown-Assignment_files/figure-latex/unnamed-chunk-33-1.pdf, id=194, 469.755pt x 325.215pt>
File: R-Markdown-Assignment_files/figure-latex/unnamed-chunk-33-1.pdf Graphic file (type pdf)
<use R-Markdown-Assignment_files/figure-latex/unnamed-chunk-33-1.pdf>
Package pdftex.def Info: R-Markdown-Assignment_files/figure-latex/unnamed-chunk-33-1.pdf  used on input line 1460.
(pdftex.def)             Requested size: 452.96669pt x 313.59232pt.
[21 <./R-Markdown-Assignment_files/figure-latex/unnamed-chunk-33-1.pdf>] [22] [23]
Overfull \hbox (12.67952pt too wide) in paragraph at lines 1666--1666
[]\T1/lmtt/m/n/10.95 ## "square_meter", "rooms", "building_year", "efficiency_class", "energy_demand",[] 
 []

[24] [25] [26] [27] [28]
Overfull \hbox (29.92572pt too wide) in paragraph at lines 2018--2018
[]\T1/lmtt/m/n/10.95 ## #   [C:\Users\chiara\Documents\GitHub\Assigments-Advanved-R\assignment_1.sqlite3][] 
 []

[29]
Overfull \hbox (12.67952pt too wide) in paragraph at lines 2069--2069
[]\T1/lmtt/m/n/10.95 ## 4 None     283.    0          0         90 Thunderstorm proximity thunderstorm[] 
 []

<R-Markdown-Assignment_files/figure-latex/unnamed-chunk-44-1.pdf, id=245, 469.755pt x 325.215pt>
File: R-Markdown-Assignment_files/figure-latex/unnamed-chunk-44-1.pdf Graphic file (type pdf)
<use R-Markdown-Assignment_files/figure-latex/unnamed-chunk-44-1.pdf>
Package pdftex.def Info: R-Markdown-Assignment_files/figure-latex/unnamed-chunk-44-1.pdf  used on input line 2100.
(pdftex.def)             Requested size: 452.96669pt x 313.59232pt.
[30]
<R-Markdown-Assignment_files/figure-latex/unnamed-chunk-44-2.pdf, id=253, 469.755pt x 325.215pt>
File: R-Markdown-Assignment_files/figure-latex/unnamed-chunk-44-2.pdf Graphic file (type pdf)
<use R-Markdown-Assignment_files/figure-latex/unnamed-chunk-44-2.pdf>
Package pdftex.def Info: R-Markdown-Assignment_files/figure-latex/unnamed-chunk-44-2.pdf  used on input line 2108.
(pdftex.def)             Requested size: 452.96669pt x 313.59232pt.
[31 <./R-Markdown-Assignment_files/figure-latex/unnamed-chunk-44-1.pdf> <./R-Markdown-Assignment_files/figure-latex/unnamed-chunk-44-2.pdf>]
<R-Markdown-Assignment_files/figure-latex/unnamed-chunk-44-3.pdf, id=269, 469.755pt x 325.215pt>
File: R-Markdown-Assignment_files/figure-latex/unnamed-chunk-44-3.pdf Graphic file (type pdf)
<use R-Markdown-Assignment_files/figure-latex/unnamed-chunk-44-3.pdf>
Package pdftex.def Info: R-Markdown-Assignment_files/figure-latex/unnamed-chunk-44-3.pdf  used on input line 2116.
(pdftex.def)             Requested size: 452.96669pt x 313.59232pt.
<R-Markdown-Assignment_files/figure-latex/unnamed-chunk-44-4.pdf, id=270, 469.755pt x 325.215pt>
File: R-Markdown-Assignment_files/figure-latex/unnamed-chunk-44-4.pdf Graphic file (type pdf)
<use R-Markdown-Assignment_files/figure-latex/unnamed-chunk-44-4.pdf>
Package pdftex.def Info: R-Markdown-Assignment_files/figure-latex/unnamed-chunk-44-4.pdf  used on input line 2124.
(pdftex.def)             Requested size: 452.96669pt x 313.59232pt.
[32 <./R-Markdown-Assignment_files/figure-latex/unnamed-chunk-44-3.pdf> <./R-Markdown-Assignment_files/figure-latex/unnamed-chunk-44-4.pdf>]
<R-Markdown-Assignment_files/figure-latex/unnamed-chunk-45-1.pdf, id=285, 469.755pt x 325.215pt>
File: R-Markdown-Assignment_files/figure-latex/unnamed-chunk-45-1.pdf Graphic file (type pdf)
<use R-Markdown-Assignment_files/figure-latex/unnamed-chunk-45-1.pdf>
Package pdftex.def Info: R-Markdown-Assignment_files/figure-latex/unnamed-chunk-45-1.pdf  used on input line 2147.
(pdftex.def)             Requested size: 452.96669pt x 313.59232pt.
[33 <./R-Markdown-Assignment_files/figure-latex/unnamed-chunk-45-1.pdf>] [34] [35
pdfTeX warning (ext4): destination with the same identifier (name{table.1}) has been already used, duplicate ignored
<argument> ...shipout:D \box_use:N \l_shipout_box 
                                                  \__shipout_drop_firstpage_...
l.2204 \end{document}
                     ] (./R-Markdown-Assignment.aux)
Package rerunfilecheck Info: File `R-Markdown-Assignment.out' has not changed.
(rerunfilecheck)             Checksum: BDE94BAEE4EDD2595B243B2FB08DA7C1;577.
 ) 
Here is how much of TeX's memory you used:
 12940 strings out of 480253
 211241 string characters out of 5892199
 1059731 words of memory out of 5000000
 30527 multiletter control sequences out of 15000+600000
 519928 words of font info for 75 fonts, out of 8000000 for 9000
 14 hyphenation exceptions out of 8191
 72i,10n,77p,536b,466s stack positions out of 10000i,1000n,20000p,200000b,200000s
{c:/Users/chiara/AppData/Roaming/TinyTeX/texmf-dist/fonts/enc/dvips/lm/lm-ts1.enc}{c:/Users/chiara/AppData/Roaming/TinyTeX/texmf-dist/fonts/enc/dvips/lm/lm-ec.enc}<c:/Users/chiara/AppData/Roaming/TinyTeX/texmf-dist/fonts/type1/public/lm/lmbx10.pfb><c:/Users/chiara/AppData/Roaming/TinyTeX/texmf-dist/fonts/type1/public/lm/lmbx12.pfb><c:/Users/chiara/AppData/Roaming/TinyTeX/texmf-dist/fonts/type1/public/lm/lmr10.pfb><c:/Users/chiara/AppData/Roaming/TinyTeX/texmf-dist/fonts/type1/public/lm/lmr12.pfb><c:/Users/chiara/AppData/Roaming/TinyTeX/texmf-dist/fonts/type1/public/lm/lmr17.pfb><c:/Users/chiara/AppData/Roaming/TinyTeX/texmf-dist/fonts/type1/public/lm/lmtk10.pfb><c:/Users/chiara/AppData/Roaming/TinyTeX/texmf-dist/fonts/type1/public/lm/lmtt10.pfb><c:/Users/chiara/AppData/Roaming/TinyTeX/texmf-dist/fonts/type1/public/lm/lmtti10.pfb>
Output written on R-Markdown-Assignment.pdf (35 pages, 8553200 bytes).
PDF statistics:
 371 PDF objects out of 1000 (max. 8388607)
 281 compressed objects within 3 object streams
 80 named destinations out of 1000 (max. 500000)
 108 words of extra memory for PDF output out of 10000 (max. 10000000)

